\BOOKMARK [0][-]{chapter*.3}{Abstract}{}% 1
\BOOKMARK [0][-]{chapter.1}{Introduction}{}% 2
\BOOKMARK [0][-]{chapter.2}{Methods}{}% 3
\BOOKMARK [1][-]{section.2.1}{Linear regression models and least-squares estimator}{chapter.2}% 4
\BOOKMARK [1][-]{section.2.2}{Transformation models}{chapter.2}% 5
\BOOKMARK [1][-]{section.2.3}{Collinearity and its problems}{chapter.2}% 6
\BOOKMARK [2][-]{subsection.2.3.1}{Equilibration of the design matrix}{section.2.3}% 7
\BOOKMARK [2][-]{subsection.2.3.2}{Standardization of the design matrix - Correlation matrix}{section.2.3}% 8
\BOOKMARK [2][-]{subsection.2.3.3}{Problems of collinearity}{section.2.3}% 9
\BOOKMARK [1][-]{section.2.4}{Quantification of collinearity}{chapter.2}% 10
\BOOKMARK [2][-]{subsection.2.4.1}{Variance decomposition proportions}{section.2.4}% 11
\BOOKMARK [2][-]{subsection.2.4.2}{Why the condition number?}{section.2.4}% 12
\BOOKMARK [2][-]{subsection.2.4.3}{An example}{section.2.4}% 13
\BOOKMARK [2][-]{subsection.2.4.4}{Belsley's experiments}{section.2.4}% 14
\BOOKMARK [1][-]{section.2.5}{Differences between lm and tram::Lm}{chapter.2}% 15
\BOOKMARK [2][-]{subsection.2.5.1}{Maximum-Likelihood estimation for the linear regression model}{section.2.5}% 16
\BOOKMARK [2][-]{subsection.2.5.2}{Maximum-Likelihood estimation for the transformation model equivalent \(tram::Lm\)}{section.2.5}% 17
\BOOKMARK [0][-]{chapter.3}{Introduction to the BostonHousing2 data set}{}% 18
\BOOKMARK [1][-]{section.3.1}{Hedonic housing prices and the demand for clean air}{chapter.3}% 19
\BOOKMARK [2][-]{subsection.3.1.1}{The Basic equation model of Harrison and Rubinfeld}{section.3.1}% 20
\BOOKMARK [2][-]{subsection.3.1.2}{Collinearity diagnostics in the model}{section.3.1}% 21
\BOOKMARK [1][-]{section.3.2}{Parametrization by tram vignette }{chapter.3}% 22
\BOOKMARK [0][-]{chapter.4}{Sample size to mitigate collinearity}{}% 23
\BOOKMARK [1][-]{section.4.1}{Harmful collinearity and the Wald statistics}{chapter.4}% 24
\BOOKMARK [1][-]{section.4.2}{Partitioned regression}{chapter.4}% 25
\BOOKMARK [1][-]{section.4.3}{Can the condition number explain everything?}{chapter.4}% 26
\BOOKMARK [1][-]{section.4.4}{Sample size calculation}{chapter.4}% 27
\BOOKMARK [1][-]{section.4.5}{Estimation of 2}{chapter.4}% 28
\BOOKMARK [1][-]{section.4.6}{F-distribution}{chapter.4}% 29
\BOOKMARK [0][-]{chapter.5}{Simulation study}{}% 30
\BOOKMARK [1][-]{section.5.1}{Aim}{chapter.5}% 31
\BOOKMARK [1][-]{section.5.2}{Data generating process}{chapter.5}% 32
\BOOKMARK [2][-]{subsection.5.2.1}{How to generate bold0mu mumu XXwidthXXXX with controlled collinearity?}{section.5.2}% 33
\BOOKMARK [2][-]{subsection.5.2.2}{The outcome?}{section.5.2}% 34
\BOOKMARK [2][-]{subsection.5.2.3}{Comparison of methods}{section.5.2}% 35
\BOOKMARK [2][-]{subsection.5.2.4}{Sample size n\137obs for continuous variable of interest}{section.5.2}% 36
\BOOKMARK [2][-]{subsection.5.2.5}{Range and grid of the collinearity magnitude}{section.5.2}% 37
\BOOKMARK [1][-]{section.5.3}{Estimands}{chapter.5}% 38
\BOOKMARK [1][-]{section.5.4}{Sample size needed}{chapter.5}% 39
\BOOKMARK [1][-]{section.5.5}{Methods}{chapter.5}% 40
\BOOKMARK [1][-]{section.5.6}{Performance measures}{chapter.5}% 41
\BOOKMARK [1][-]{section.5.7}{Determining the number of simulations}{chapter.5}% 42
\BOOKMARK [1][-]{section.5.8}{Handling exceptions}{chapter.5}% 43
\BOOKMARK [0][-]{chapter.6}{Results: Simulation study}{}% 44
\BOOKMARK [1][-]{section.6.1}{Performance evaluation of the most important estimands}{chapter.6}% 45
\BOOKMARK [2][-]{subsection.6.1.1}{Wald statistics: 1=-46.1 and 2=-0.9}{section.6.1}% 46
\BOOKMARK [2][-]{subsection.6.1.2}{Wald statistics: 1=0 and 2=0}{section.6.1}% 47
\BOOKMARK [2][-]{subsection.6.1.3}{Wald statistics difference vs. condition number: 1=-46.1 and 2=-0.9}{section.6.1}% 48
\BOOKMARK [2][-]{subsection.6.1.4}{Wald statistics difference vs. condition number: 1=0 and 2=0}{section.6.1}% 49
\BOOKMARK [2][-]{subsection.6.1.5}{Proportion of significant results: 1=-46.1 and 2=-0.9}{section.6.1}% 50
\BOOKMARK [2][-]{subsection.6.1.6}{Proportion of significant results: 1=0 and 2=0}{section.6.1}% 51
\BOOKMARK [2][-]{subsection.6.1.7}{Wald statistics ratio: 1=-46.1 and 2=-0.9}{section.6.1}% 52
\BOOKMARK [2][-]{subsection.6.1.8}{Wald statistics ratio: 1=0 and 2=0}{section.6.1}% 53
\BOOKMARK [2][-]{subsection.6.1.9}{Wald statistics difference vs. Wald statistics of lm: 1=-46.1 and 2=-0.9}{section.6.1}% 54
\BOOKMARK [2][-]{subsection.6.1.10}{Wald statistics difference vs. Wald statistics of lm: 1=0 and 2=0}{section.6.1}% 55
\BOOKMARK [1][-]{section.6.2}{Sample size correction}{chapter.6}% 56
\BOOKMARK [2][-]{subsection.6.2.1}{Study design - Relative sample size needed: 1=-46.1 and 2=-0.9}{section.6.2}% 57
\BOOKMARK [2][-]{subsection.6.2.2}{Study design - Relative sample size needed: 1=0 and 2=0}{section.6.2}% 58
\BOOKMARK [0][-]{chapter.7}{Results: Collinearity fingerprint and graph}{}% 59
\BOOKMARK [1][-]{section.7.1}{Sample size calculation}{chapter.7}% 60
\BOOKMARK [2][-]{subsection.7.1.1}{Parametrization of Harrison and Rubinfeld}{section.7.1}% 61
\BOOKMARK [2][-]{subsection.7.1.2}{Non-transformed parametrization}{section.7.1}% 62
\BOOKMARK [1][-]{section.7.2}{Collinearity fingerprint with bootstrap}{chapter.7}% 63
\BOOKMARK [1][-]{section.7.3}{Collinearity zoom-in: Who is responsible?}{chapter.7}% 64
\BOOKMARK [0][-]{chapter.8}{Discussion}{}% 65
\BOOKMARK [0][-]{appendix.A}{Appendix}{}% 66
\BOOKMARK [1][-]{section.A.1}{Correlation Invariance to linear operations}{appendix.A}% 67
\BOOKMARK [1][-]{section.A.2}{Variance of the partitioned regression}{appendix.A}% 68
\BOOKMARK [1][-]{section.A.3}{Approximate likelihood}{appendix.A}% 69
\BOOKMARK [1][-]{section.A.4}{Difference between tram::Coxph and survival::coxph}{appendix.A}% 70
\BOOKMARK [1][-]{section.A.5}{Computational reproducibility}{appendix.A}% 71
\BOOKMARK [0][-]{section*.62}{Bibliography}{}% 72
